<?xml version="1.0" encoding="UTF-8"?>
<testng-results ignored="0" total="1" passed="1" failed="0" skipped="0">
  <reporter-output>
  </reporter-output>
  <suite started-at="2022-09-22T20:38:06 IST" name="Default suite" finished-at="2022-09-22T20:39:33 IST" duration-ms="86704">
    <groups>
    </groups>
    <test started-at="2022-09-22T20:38:06 IST" name="Default test" finished-at="2022-09-22T20:39:33 IST" duration-ms="86704">
      <class name="com.kite.testcases.TC_LoginTest_001">
        <test-method is-config="true" signature="setup()[pri:0, instance:com.kite.testcases.TC_LoginTest_001@515aebb0]" started-at="2022-09-22T20:38:06 IST" name="setup" finished-at="2022-09-22T20:39:27 IST" duration-ms="80779" status="PASS">
          <reporter-output>
          </reporter-output>
        </test-method> <!-- setup -->
        <test-method signature="LoginTest()[pri:0, instance:com.kite.testcases.TC_LoginTest_001@515aebb0]" started-at="2022-09-22T20:39:27 IST" name="LoginTest" finished-at="2022-09-22T20:39:31 IST" duration-ms="4193" status="PASS">
          <reporter-output>
          </reporter-output>
        </test-method> <!-- LoginTest -->
        <test-method is-config="true" signature="teardown()[pri:0, instance:com.kite.testcases.TC_LoginTest_001@515aebb0]" started-at="2022-09-22T20:39:31 IST" name="teardown" finished-at="2022-09-22T20:39:33 IST" duration-ms="1538" status="PASS">
          <reporter-output>
          </reporter-output>
        </test-method> <!-- teardown -->
      </class> <!-- com.kite.testcases.TC_LoginTest_001 -->
    </test> <!-- Default test -->
  </suite> <!-- Default suite -->
</testng-results>
